TN:
SF:/data/Project/node/imgRenamer/index.js
FN:8,imageRenamer
FN:17,(anonymous_1)
FN:25,(anonymous_2)
FN:28,(anonymous_3)
FNF:4
FNH:4
FNDA:4,imageRenamer
FNDA:1,(anonymous_1)
FNDA:3,(anonymous_2)
FNDA:1,(anonymous_3)
DA:1,1
DA:2,1
DA:3,1
DA:4,1
DA:5,1
DA:6,1
DA:10,4
DA:11,4
DA:12,4
DA:14,4
DA:17,1
DA:18,1
DA:19,1
DA:20,1
DA:21,1
DA:24,1
DA:25,1
DA:26,3
DA:27,3
DA:28,3
DA:29,1
DA:30,1
DA:35,3
DA:36,1
DA:37,2
DA:38,1
DA:39,1
DA:41,1
DA:42,1
DA:43,1
DA:47,2
DA:48,2
DA:49,2
DA:50,2
DA:51,2
DA:52,2
DA:53,2
DA:54,2
DA:55,0
DA:56,2
DA:62,1
LF:41
LH:40
BRDA:8,0,0,1
BRDA:10,1,0,3
BRDA:10,1,1,1
BRDA:11,2,0,2
BRDA:11,2,1,2
BRDA:12,3,0,1
BRDA:12,3,1,3
BRDA:14,4,0,1
BRDA:14,4,1,3
BRDA:27,5,0,0
BRDA:27,5,1,3
BRDA:35,6,0,1
BRDA:35,6,1,2
BRDA:35,7,0,3
BRDA:35,7,1,2
BRDA:35,7,2,2
BRDA:35,7,3,2
BRDA:37,8,0,1
BRDA:37,8,1,1
BRDA:37,9,0,2
BRDA:37,9,1,1
BRDA:37,9,2,1
BRDA:37,9,3,1
BRDA:42,10,0,0
BRDA:42,10,1,1
BRDA:48,11,0,2
BRDA:48,11,1,0
BRDA:49,12,0,1
BRDA:49,12,1,1
BRDA:50,13,0,1
BRDA:50,13,1,1
BRDA:51,14,0,0
BRDA:51,14,1,2
BRDA:52,15,0,1
BRDA:52,15,1,1
BRDA:54,16,0,0
BRDA:54,16,1,2
BRF:37
BRH:32
end_of_record
